#! /usr/local/Cellar/icarus-verilog/12.0/bin/vvp
:ivl_version "12.0 (stable)";
:ivl_delay_selection "TYPICAL";
:vpi_time_precision - 12;
:vpi_module "/usr/local/Cellar/icarus-verilog/12.0/lib/ivl/system.vpi";
:vpi_module "/usr/local/Cellar/icarus-verilog/12.0/lib/ivl/vhdl_sys.vpi";
:vpi_module "/usr/local/Cellar/icarus-verilog/12.0/lib/ivl/vhdl_textio.vpi";
:vpi_module "/usr/local/Cellar/icarus-verilog/12.0/lib/ivl/v2005_math.vpi";
:vpi_module "/usr/local/Cellar/icarus-verilog/12.0/lib/ivl/va_math.vpi";
:vpi_module "/usr/local/Cellar/icarus-verilog/12.0/lib/ivl/v2009.vpi";
S_0x7fa29190c5d0 .scope package, "$unit" "$unit" 2 1;
 .timescale 0 0;
P_0x60000023e3c0 .param/l "ZERO" 0 3 10, C4<00000000000000000000000000000000>;
S_0x7fa29190c8d0 .scope module, "control_tb" "control_tb" 4 4;
 .timescale -9 -12;
P_0x60000023e440 .param/l "DWIDTH" 1 4 7, +C4<00000000000000000000000000100000>;
v0x600002528ea0_0 .net "alusel", 3 0, v0x600002528750_0;  1 drivers
v0x600002528f30_0 .var "funct3", 2 0;
v0x600002528fc0_0 .var "funct7", 6 0;
v0x600002529050_0 .net "immsel", 0 0, v0x600002528900_0;  1 drivers
v0x6000025290e0_0 .var "insn", 31 0;
v0x600002529170_0 .net "memren", 0 0, v0x600002528a20_0;  1 drivers
v0x600002529200_0 .net "memwren", 0 0, v0x600002528ab0_0;  1 drivers
v0x600002529290_0 .var "opcode", 6 0;
v0x600002529320_0 .net "pcsel", 0 0, v0x600002528bd0_0;  1 drivers
v0x6000025293b0_0 .net "regwren", 0 0, v0x600002528c60_0;  1 drivers
v0x600002529440_0 .net "rs1sel", 0 0, v0x600002528cf0_0;  1 drivers
v0x6000025294d0_0 .net "rs2sel", 0 0, v0x600002528d80_0;  1 drivers
v0x600002529560_0 .net "wbsel", 1 0, v0x600002528e10_0;  1 drivers
S_0x7fa291905a70 .scope task, "check_ctrl" "check_ctrl" 4 25, 4 25 0, S_0x7fa29190c8d0;
 .timescale -9 -12;
v0x6000025281b0_0 .var "e_alusel", 3 0;
v0x600002528240_0 .var "e_memren", 0 0;
v0x6000025282d0_0 .var "e_memwren", 0 0;
v0x600002528360_0 .var "e_regwren", 0 0;
v0x6000025283f0_0 .var "e_rs2sel", 0 0;
v0x600002528480_0 .var "e_wbsel", 1 0;
v0x600002528510_0 .var "f3", 2 0;
v0x6000025285a0_0 .var "f7", 6 0;
v0x600002528630_0 .var/str "name";
v0x6000025286c0_0 .var "op", 6 0;
TD_control_tb.check_ctrl ;
    %load/vec4 v0x6000025286c0_0;
    %store/vec4 v0x600002529290_0, 0, 7;
    %load/vec4 v0x600002528510_0;
    %store/vec4 v0x600002528f30_0, 0, 3;
    %load/vec4 v0x6000025285a0_0;
    %store/vec4 v0x600002528fc0_0, 0, 7;
    %pushi/vec4 0, 0, 32;
    %store/vec4 v0x6000025290e0_0, 0, 32;
    %delay 10000, 0;
    %load/vec4 v0x6000025293b0_0;
    %load/vec4 v0x600002528360_0;
    %cmp/e;
    %flag_get/vec4 6;
    %jmp/0 T_0.6, 6;
    %load/vec4 v0x600002528ea0_0;
    %load/vec4 v0x6000025281b0_0;
    %cmp/e;
    %flag_get/vec4 6;
    %and;
T_0.6;
    %flag_set/vec4 12;
    %flag_get/vec4 12;
    %jmp/0 T_0.5, 12;
    %load/vec4 v0x6000025294d0_0;
    %load/vec4 v0x6000025283f0_0;
    %cmp/e;
    %flag_get/vec4 6;
    %and;
T_0.5;
    %flag_set/vec4 11;
    %flag_get/vec4 11;
    %jmp/0 T_0.4, 11;
    %load/vec4 v0x600002529560_0;
    %load/vec4 v0x600002528480_0;
    %cmp/e;
    %flag_get/vec4 6;
    %and;
T_0.4;
    %flag_set/vec4 10;
    %flag_get/vec4 10;
    %jmp/0 T_0.3, 10;
    %load/vec4 v0x600002529170_0;
    %load/vec4 v0x600002528240_0;
    %cmp/e;
    %flag_get/vec4 6;
    %and;
T_0.3;
    %flag_set/vec4 9;
    %flag_get/vec4 9;
    %jmp/0 T_0.2, 9;
    %load/vec4 v0x600002529200_0;
    %load/vec4 v0x6000025282d0_0;
    %cmp/e;
    %flag_get/vec4 6;
    %and;
T_0.2;
    %flag_set/vec4 8;
    %jmp/0 T_0.0, 8;
    %pushi/vec4 1346458451, 0, 32; draw_string_vec4
    %jmp/1 T_0.1, 8;
T_0.0 ; End of true expr.
    %pushi/vec4 1178683724, 0, 32; draw_string_vec4
    %jmp/0 T_0.1, 8;
 ; End of false expr.
    %blend;
T_0.1;
    %vpi_call/w 4 34 "$display", "%0t\011 %-18s\011 %b\011 %b\011 %b\011 %b\011 %b\011 %s", $time, v0x600002528630_0, v0x6000025293b0_0, v0x600002528ea0_0, v0x6000025294d0_0, v0x600002529560_0, v0x600002529200_0, S<0,vec4,u32> {1 0 0};
    %end;
S_0x7fa291905be0 .scope module, "uut" "control" 4 17, 5 28 0, S_0x7fa29190c8d0;
 .timescale 0 0;
    .port_info 0 /INPUT 32 "insn_i";
    .port_info 1 /INPUT 7 "opcode_i";
    .port_info 2 /INPUT 7 "funct7_i";
    .port_info 3 /INPUT 3 "funct3_i";
    .port_info 4 /OUTPUT 1 "pcsel_o";
    .port_info 5 /OUTPUT 1 "immsel_o";
    .port_info 6 /OUTPUT 1 "regwren_o";
    .port_info 7 /OUTPUT 1 "rs1sel_o";
    .port_info 8 /OUTPUT 1 "rs2sel_o";
    .port_info 9 /OUTPUT 1 "memren_o";
    .port_info 10 /OUTPUT 1 "memwren_o";
    .port_info 11 /OUTPUT 2 "wbsel_o";
    .port_info 12 /OUTPUT 4 "alusel_o";
P_0x60000023e4c0 .param/l "DWIDTH" 0 5 29, +C4<00000000000000000000000000100000>;
v0x600002528750_0 .var "alusel_o", 3 0;
v0x6000025287e0_0 .net "funct3_i", 2 0, v0x600002528f30_0;  1 drivers
v0x600002528870_0 .net "funct7_i", 6 0, v0x600002528fc0_0;  1 drivers
v0x600002528900_0 .var "immsel_o", 0 0;
v0x600002528990_0 .net "insn_i", 31 0, v0x6000025290e0_0;  1 drivers
v0x600002528a20_0 .var "memren_o", 0 0;
v0x600002528ab0_0 .var "memwren_o", 0 0;
v0x600002528b40_0 .net "opcode_i", 6 0, v0x600002529290_0;  1 drivers
v0x600002528bd0_0 .var "pcsel_o", 0 0;
v0x600002528c60_0 .var "regwren_o", 0 0;
v0x600002528cf0_0 .var "rs1sel_o", 0 0;
v0x600002528d80_0 .var "rs2sel_o", 0 0;
v0x600002528e10_0 .var "wbsel_o", 1 0;
E_0x60000023e540 .event anyedge, v0x600002528b40_0, v0x6000025287e0_0, v0x600002528870_0;
    .scope S_0x7fa291905be0;
T_1 ;
Ewait_0 .event/or E_0x60000023e540, E_0x0;
    %wait Ewait_0;
    %pushi/vec4 0, 0, 1;
    %store/vec4 v0x600002528bd0_0, 0, 1;
    %pushi/vec4 0, 0, 1;
    %store/vec4 v0x600002528900_0, 0, 1;
    %pushi/vec4 0, 0, 1;
    %store/vec4 v0x600002528c60_0, 0, 1;
    %pushi/vec4 0, 0, 1;
    %store/vec4 v0x600002528cf0_0, 0, 1;
    %pushi/vec4 0, 0, 1;
    %store/vec4 v0x600002528d80_0, 0, 1;
    %pushi/vec4 0, 0, 1;
    %store/vec4 v0x600002528a20_0, 0, 1;
    %pushi/vec4 0, 0, 1;
    %store/vec4 v0x600002528ab0_0, 0, 1;
    %pushi/vec4 0, 0, 2;
    %store/vec4 v0x600002528e10_0, 0, 2;
    %pushi/vec4 0, 0, 4;
    %store/vec4 v0x600002528750_0, 0, 4;
    %load/vec4 v0x600002528b40_0;
    %dup/vec4;
    %pushi/vec4 51, 0, 7;
    %cmp/u;
    %jmp/1 T_1.0, 6;
    %dup/vec4;
    %pushi/vec4 19, 0, 7;
    %cmp/u;
    %jmp/1 T_1.1, 6;
    %dup/vec4;
    %pushi/vec4 3, 0, 7;
    %cmp/u;
    %jmp/1 T_1.2, 6;
    %dup/vec4;
    %pushi/vec4 35, 0, 7;
    %cmp/u;
    %jmp/1 T_1.3, 6;
    %dup/vec4;
    %pushi/vec4 99, 0, 7;
    %cmp/u;
    %jmp/1 T_1.4, 6;
    %dup/vec4;
    %pushi/vec4 55, 0, 7;
    %cmp/u;
    %jmp/1 T_1.5, 6;
    %dup/vec4;
    %pushi/vec4 23, 0, 7;
    %cmp/u;
    %jmp/1 T_1.6, 6;
    %dup/vec4;
    %pushi/vec4 111, 0, 7;
    %cmp/u;
    %jmp/1 T_1.7, 6;
    %dup/vec4;
    %pushi/vec4 103, 0, 7;
    %cmp/u;
    %jmp/1 T_1.8, 6;
    %jmp T_1.9;
T_1.0 ;
    %pushi/vec4 1, 0, 1;
    %store/vec4 v0x600002528c60_0, 0, 1;
    %pushi/vec4 0, 0, 1;
    %store/vec4 v0x600002528cf0_0, 0, 1;
    %pushi/vec4 0, 0, 1;
    %store/vec4 v0x600002528d80_0, 0, 1;
    %pushi/vec4 0, 0, 1;
    %store/vec4 v0x600002528900_0, 0, 1;
    %pushi/vec4 0, 0, 2;
    %store/vec4 v0x600002528e10_0, 0, 2;
    %load/vec4 v0x6000025287e0_0;
    %dup/vec4;
    %pushi/vec4 0, 0, 3;
    %cmp/u;
    %jmp/1 T_1.10, 6;
    %dup/vec4;
    %pushi/vec4 4, 0, 3;
    %cmp/u;
    %jmp/1 T_1.11, 6;
    %dup/vec4;
    %pushi/vec4 6, 0, 3;
    %cmp/u;
    %jmp/1 T_1.12, 6;
    %dup/vec4;
    %pushi/vec4 7, 0, 3;
    %cmp/u;
    %jmp/1 T_1.13, 6;
    %dup/vec4;
    %pushi/vec4 1, 0, 3;
    %cmp/u;
    %jmp/1 T_1.14, 6;
    %dup/vec4;
    %pushi/vec4 5, 0, 3;
    %cmp/u;
    %jmp/1 T_1.15, 6;
    %dup/vec4;
    %pushi/vec4 2, 0, 3;
    %cmp/u;
    %jmp/1 T_1.16, 6;
    %dup/vec4;
    %pushi/vec4 3, 0, 3;
    %cmp/u;
    %jmp/1 T_1.17, 6;
    %pushi/vec4 0, 0, 4;
    %store/vec4 v0x600002528750_0, 0, 4;
    %jmp T_1.19;
T_1.10 ;
    %load/vec4 v0x600002528870_0;
    %cmpi/e 32, 0, 7;
    %flag_mov 8, 4;
    %jmp/0 T_1.20, 8;
    %pushi/vec4 1, 0, 4;
    %jmp/1 T_1.21, 8;
T_1.20 ; End of true expr.
    %pushi/vec4 0, 0, 4;
    %jmp/0 T_1.21, 8;
 ; End of false expr.
    %blend;
T_1.21;
    %store/vec4 v0x600002528750_0, 0, 4;
    %jmp T_1.19;
T_1.11 ;
    %pushi/vec4 4, 0, 4;
    %store/vec4 v0x600002528750_0, 0, 4;
    %jmp T_1.19;
T_1.12 ;
    %pushi/vec4 3, 0, 4;
    %store/vec4 v0x600002528750_0, 0, 4;
    %jmp T_1.19;
T_1.13 ;
    %pushi/vec4 2, 0, 4;
    %store/vec4 v0x600002528750_0, 0, 4;
    %jmp T_1.19;
T_1.14 ;
    %pushi/vec4 5, 0, 4;
    %store/vec4 v0x600002528750_0, 0, 4;
    %jmp T_1.19;
T_1.15 ;
    %load/vec4 v0x600002528870_0;
    %cmpi/e 32, 0, 7;
    %flag_mov 8, 4;
    %jmp/0 T_1.22, 8;
    %pushi/vec4 7, 0, 4;
    %jmp/1 T_1.23, 8;
T_1.22 ; End of true expr.
    %pushi/vec4 6, 0, 4;
    %jmp/0 T_1.23, 8;
 ; End of false expr.
    %blend;
T_1.23;
    %store/vec4 v0x600002528750_0, 0, 4;
    %jmp T_1.19;
T_1.16 ;
    %pushi/vec4 8, 0, 4;
    %store/vec4 v0x600002528750_0, 0, 4;
    %jmp T_1.19;
T_1.17 ;
    %pushi/vec4 9, 0, 4;
    %store/vec4 v0x600002528750_0, 0, 4;
    %jmp T_1.19;
T_1.19 ;
    %pop/vec4 1;
    %jmp T_1.9;
T_1.1 ;
    %pushi/vec4 1, 0, 1;
    %store/vec4 v0x600002528c60_0, 0, 1;
    %pushi/vec4 1, 0, 1;
    %store/vec4 v0x600002528d80_0, 0, 1;
    %pushi/vec4 1, 0, 1;
    %store/vec4 v0x600002528900_0, 0, 1;
    %pushi/vec4 0, 0, 1;
    %store/vec4 v0x600002528cf0_0, 0, 1;
    %pushi/vec4 0, 0, 2;
    %store/vec4 v0x600002528e10_0, 0, 2;
    %load/vec4 v0x6000025287e0_0;
    %dup/vec4;
    %pushi/vec4 0, 0, 3;
    %cmp/u;
    %jmp/1 T_1.24, 6;
    %dup/vec4;
    %pushi/vec4 4, 0, 3;
    %cmp/u;
    %jmp/1 T_1.25, 6;
    %dup/vec4;
    %pushi/vec4 6, 0, 3;
    %cmp/u;
    %jmp/1 T_1.26, 6;
    %dup/vec4;
    %pushi/vec4 7, 0, 3;
    %cmp/u;
    %jmp/1 T_1.27, 6;
    %dup/vec4;
    %pushi/vec4 1, 0, 3;
    %cmp/u;
    %jmp/1 T_1.28, 6;
    %dup/vec4;
    %pushi/vec4 5, 0, 3;
    %cmp/u;
    %jmp/1 T_1.29, 6;
    %dup/vec4;
    %pushi/vec4 2, 0, 3;
    %cmp/u;
    %jmp/1 T_1.30, 6;
    %dup/vec4;
    %pushi/vec4 3, 0, 3;
    %cmp/u;
    %jmp/1 T_1.31, 6;
    %pushi/vec4 0, 0, 4;
    %store/vec4 v0x600002528750_0, 0, 4;
    %jmp T_1.33;
T_1.24 ;
    %pushi/vec4 0, 0, 4;
    %store/vec4 v0x600002528750_0, 0, 4;
    %jmp T_1.33;
T_1.25 ;
    %pushi/vec4 4, 0, 4;
    %store/vec4 v0x600002528750_0, 0, 4;
    %jmp T_1.33;
T_1.26 ;
    %pushi/vec4 3, 0, 4;
    %store/vec4 v0x600002528750_0, 0, 4;
    %jmp T_1.33;
T_1.27 ;
    %pushi/vec4 2, 0, 4;
    %store/vec4 v0x600002528750_0, 0, 4;
    %jmp T_1.33;
T_1.28 ;
    %pushi/vec4 5, 0, 4;
    %store/vec4 v0x600002528750_0, 0, 4;
    %jmp T_1.33;
T_1.29 ;
    %load/vec4 v0x600002528870_0;
    %cmpi/e 32, 0, 7;
    %flag_mov 8, 4;
    %jmp/0 T_1.34, 8;
    %pushi/vec4 7, 0, 4;
    %jmp/1 T_1.35, 8;
T_1.34 ; End of true expr.
    %pushi/vec4 6, 0, 4;
    %jmp/0 T_1.35, 8;
 ; End of false expr.
    %blend;
T_1.35;
    %store/vec4 v0x600002528750_0, 0, 4;
    %jmp T_1.33;
T_1.30 ;
    %pushi/vec4 8, 0, 4;
    %store/vec4 v0x600002528750_0, 0, 4;
    %jmp T_1.33;
T_1.31 ;
    %pushi/vec4 9, 0, 4;
    %store/vec4 v0x600002528750_0, 0, 4;
    %jmp T_1.33;
T_1.33 ;
    %pop/vec4 1;
    %jmp T_1.9;
T_1.2 ;
    %pushi/vec4 1, 0, 1;
    %store/vec4 v0x600002528c60_0, 0, 1;
    %pushi/vec4 0, 0, 1;
    %store/vec4 v0x600002528cf0_0, 0, 1;
    %pushi/vec4 1, 0, 1;
    %store/vec4 v0x600002528d80_0, 0, 1;
    %pushi/vec4 1, 0, 1;
    %store/vec4 v0x600002528900_0, 0, 1;
    %pushi/vec4 1, 0, 1;
    %store/vec4 v0x600002528a20_0, 0, 1;
    %pushi/vec4 1, 0, 2;
    %store/vec4 v0x600002528e10_0, 0, 2;
    %pushi/vec4 0, 0, 4;
    %store/vec4 v0x600002528750_0, 0, 4;
    %jmp T_1.9;
T_1.3 ;
    %pushi/vec4 1, 0, 1;
    %store/vec4 v0x600002528d80_0, 0, 1;
    %pushi/vec4 1, 0, 1;
    %store/vec4 v0x600002528900_0, 0, 1;
    %pushi/vec4 1, 0, 1;
    %store/vec4 v0x600002528ab0_0, 0, 1;
    %pushi/vec4 0, 0, 4;
    %store/vec4 v0x600002528750_0, 0, 4;
    %jmp T_1.9;
T_1.4 ;
    %pushi/vec4 0, 0, 1;
    %store/vec4 v0x600002528c60_0, 0, 1;
    %pushi/vec4 0, 0, 1;
    %store/vec4 v0x600002528cf0_0, 0, 1;
    %pushi/vec4 0, 0, 1;
    %store/vec4 v0x600002528d80_0, 0, 1;
    %pushi/vec4 0, 0, 1;
    %store/vec4 v0x600002528bd0_0, 0, 1;
    %pushi/vec4 1, 0, 1;
    %store/vec4 v0x600002528900_0, 0, 1;
    %pushi/vec4 0, 0, 2;
    %store/vec4 v0x600002528e10_0, 0, 2;
    %load/vec4 v0x6000025287e0_0;
    %dup/vec4;
    %pushi/vec4 0, 0, 3;
    %cmp/u;
    %jmp/1 T_1.36, 6;
    %dup/vec4;
    %pushi/vec4 1, 0, 3;
    %cmp/u;
    %jmp/1 T_1.37, 6;
    %dup/vec4;
    %pushi/vec4 4, 0, 3;
    %cmp/u;
    %jmp/1 T_1.38, 6;
    %dup/vec4;
    %pushi/vec4 5, 0, 3;
    %cmp/u;
    %jmp/1 T_1.39, 6;
    %dup/vec4;
    %pushi/vec4 6, 0, 3;
    %cmp/u;
    %jmp/1 T_1.40, 6;
    %dup/vec4;
    %pushi/vec4 7, 0, 3;
    %cmp/u;
    %jmp/1 T_1.41, 6;
    %pushi/vec4 0, 0, 4;
    %store/vec4 v0x600002528750_0, 0, 4;
    %jmp T_1.43;
T_1.36 ;
    %pushi/vec4 1, 0, 4;
    %store/vec4 v0x600002528750_0, 0, 4;
    %jmp T_1.43;
T_1.37 ;
    %pushi/vec4 1, 0, 4;
    %store/vec4 v0x600002528750_0, 0, 4;
    %jmp T_1.43;
T_1.38 ;
    %pushi/vec4 8, 0, 4;
    %store/vec4 v0x600002528750_0, 0, 4;
    %jmp T_1.43;
T_1.39 ;
    %pushi/vec4 8, 0, 4;
    %store/vec4 v0x600002528750_0, 0, 4;
    %jmp T_1.43;
T_1.40 ;
    %pushi/vec4 9, 0, 4;
    %store/vec4 v0x600002528750_0, 0, 4;
    %jmp T_1.43;
T_1.41 ;
    %pushi/vec4 9, 0, 4;
    %store/vec4 v0x600002528750_0, 0, 4;
    %jmp T_1.43;
T_1.43 ;
    %pop/vec4 1;
    %jmp T_1.9;
T_1.5 ;
    %pushi/vec4 1, 0, 1;
    %store/vec4 v0x600002528c60_0, 0, 1;
    %pushi/vec4 0, 0, 1;
    %store/vec4 v0x600002528cf0_0, 0, 1;
    %pushi/vec4 1, 0, 1;
    %store/vec4 v0x600002528d80_0, 0, 1;
    %pushi/vec4 1, 0, 1;
    %store/vec4 v0x600002528900_0, 0, 1;
    %pushi/vec4 0, 0, 2;
    %store/vec4 v0x600002528e10_0, 0, 2;
    %pushi/vec4 10, 0, 4;
    %store/vec4 v0x600002528750_0, 0, 4;
    %jmp T_1.9;
T_1.6 ;
    %pushi/vec4 1, 0, 1;
    %store/vec4 v0x600002528c60_0, 0, 1;
    %pushi/vec4 1, 0, 1;
    %store/vec4 v0x600002528cf0_0, 0, 1;
    %pushi/vec4 1, 0, 1;
    %store/vec4 v0x600002528d80_0, 0, 1;
    %pushi/vec4 1, 0, 1;
    %store/vec4 v0x600002528900_0, 0, 1;
    %pushi/vec4 0, 0, 2;
    %store/vec4 v0x600002528e10_0, 0, 2;
    %pushi/vec4 11, 0, 4;
    %store/vec4 v0x600002528750_0, 0, 4;
    %jmp T_1.9;
T_1.7 ;
    %pushi/vec4 1, 0, 1;
    %store/vec4 v0x600002528c60_0, 0, 1;
    %pushi/vec4 1, 0, 1;
    %store/vec4 v0x600002528cf0_0, 0, 1;
    %pushi/vec4 0, 0, 1;
    %store/vec4 v0x600002528d80_0, 0, 1;
    %pushi/vec4 1, 0, 1;
    %store/vec4 v0x600002528900_0, 0, 1;
    %pushi/vec4 1, 0, 1;
    %store/vec4 v0x600002528bd0_0, 0, 1;
    %pushi/vec4 2, 0, 2;
    %store/vec4 v0x600002528e10_0, 0, 2;
    %pushi/vec4 0, 0, 4;
    %store/vec4 v0x600002528750_0, 0, 4;
    %jmp T_1.9;
T_1.8 ;
    %pushi/vec4 1, 0, 1;
    %store/vec4 v0x600002528c60_0, 0, 1;
    %pushi/vec4 0, 0, 1;
    %store/vec4 v0x600002528cf0_0, 0, 1;
    %pushi/vec4 1, 0, 1;
    %store/vec4 v0x600002528d80_0, 0, 1;
    %pushi/vec4 1, 0, 1;
    %store/vec4 v0x600002528bd0_0, 0, 1;
    %pushi/vec4 1, 0, 1;
    %store/vec4 v0x600002528900_0, 0, 1;
    %pushi/vec4 0, 0, 4;
    %store/vec4 v0x600002528750_0, 0, 4;
    %pushi/vec4 2, 0, 2;
    %store/vec4 v0x600002528e10_0, 0, 2;
    %jmp T_1.9;
T_1.9 ;
    %pop/vec4 1;
    %jmp T_1;
    .thread T_1, $push;
    .scope S_0x7fa29190c8d0;
T_2 ;
    %vpi_call/w 4 42 "$display", "Time\011 Type\011\011\011 RegW\011 ALU\011 RS2S\011 WB\011 MemW\011 Check" {0 0 0};
    %vpi_call/w 4 43 "$display", "--------------------------------------------------------------------------------------------------" {0 0 0};
    %pushi/str "R-Type ADD";
    %store/str v0x600002528630_0;
    %pushi/vec4 51, 0, 7;
    %store/vec4 v0x6000025286c0_0, 0, 7;
    %pushi/vec4 0, 0, 3;
    %store/vec4 v0x600002528510_0, 0, 3;
    %pushi/vec4 0, 0, 7;
    %store/vec4 v0x6000025285a0_0, 0, 7;
    %pushi/vec4 1, 0, 1;
    %store/vec4 v0x600002528360_0, 0, 1;
    %pushi/vec4 0, 0, 4;
    %store/vec4 v0x6000025281b0_0, 0, 4;
    %pushi/vec4 0, 0, 1;
    %store/vec4 v0x6000025283f0_0, 0, 1;
    %pushi/vec4 0, 0, 2;
    %store/vec4 v0x600002528480_0, 0, 2;
    %pushi/vec4 0, 0, 1;
    %store/vec4 v0x600002528240_0, 0, 1;
    %pushi/vec4 0, 0, 1;
    %store/vec4 v0x6000025282d0_0, 0, 1;
    %fork TD_control_tb.check_ctrl, S_0x7fa291905a70;
    %join;
    %pushi/str "R-Type SUB";
    %store/str v0x600002528630_0;
    %pushi/vec4 51, 0, 7;
    %store/vec4 v0x6000025286c0_0, 0, 7;
    %pushi/vec4 0, 0, 3;
    %store/vec4 v0x600002528510_0, 0, 3;
    %pushi/vec4 32, 0, 7;
    %store/vec4 v0x6000025285a0_0, 0, 7;
    %pushi/vec4 1, 0, 1;
    %store/vec4 v0x600002528360_0, 0, 1;
    %pushi/vec4 1, 0, 4;
    %store/vec4 v0x6000025281b0_0, 0, 4;
    %pushi/vec4 0, 0, 1;
    %store/vec4 v0x6000025283f0_0, 0, 1;
    %pushi/vec4 0, 0, 2;
    %store/vec4 v0x600002528480_0, 0, 2;
    %pushi/vec4 0, 0, 1;
    %store/vec4 v0x600002528240_0, 0, 1;
    %pushi/vec4 0, 0, 1;
    %store/vec4 v0x6000025282d0_0, 0, 1;
    %fork TD_control_tb.check_ctrl, S_0x7fa291905a70;
    %join;
    %pushi/str "R-Type SRL";
    %store/str v0x600002528630_0;
    %pushi/vec4 51, 0, 7;
    %store/vec4 v0x6000025286c0_0, 0, 7;
    %pushi/vec4 5, 0, 3;
    %store/vec4 v0x600002528510_0, 0, 3;
    %pushi/vec4 0, 0, 7;
    %store/vec4 v0x6000025285a0_0, 0, 7;
    %pushi/vec4 1, 0, 1;
    %store/vec4 v0x600002528360_0, 0, 1;
    %pushi/vec4 6, 0, 4;
    %store/vec4 v0x6000025281b0_0, 0, 4;
    %pushi/vec4 0, 0, 1;
    %store/vec4 v0x6000025283f0_0, 0, 1;
    %pushi/vec4 0, 0, 2;
    %store/vec4 v0x600002528480_0, 0, 2;
    %pushi/vec4 0, 0, 1;
    %store/vec4 v0x600002528240_0, 0, 1;
    %pushi/vec4 0, 0, 1;
    %store/vec4 v0x6000025282d0_0, 0, 1;
    %fork TD_control_tb.check_ctrl, S_0x7fa291905a70;
    %join;
    %pushi/str "R-Type SRA";
    %store/str v0x600002528630_0;
    %pushi/vec4 51, 0, 7;
    %store/vec4 v0x6000025286c0_0, 0, 7;
    %pushi/vec4 5, 0, 3;
    %store/vec4 v0x600002528510_0, 0, 3;
    %pushi/vec4 32, 0, 7;
    %store/vec4 v0x6000025285a0_0, 0, 7;
    %pushi/vec4 1, 0, 1;
    %store/vec4 v0x600002528360_0, 0, 1;
    %pushi/vec4 7, 0, 4;
    %store/vec4 v0x6000025281b0_0, 0, 4;
    %pushi/vec4 0, 0, 1;
    %store/vec4 v0x6000025283f0_0, 0, 1;
    %pushi/vec4 0, 0, 2;
    %store/vec4 v0x600002528480_0, 0, 2;
    %pushi/vec4 0, 0, 1;
    %store/vec4 v0x600002528240_0, 0, 1;
    %pushi/vec4 0, 0, 1;
    %store/vec4 v0x6000025282d0_0, 0, 1;
    %fork TD_control_tb.check_ctrl, S_0x7fa291905a70;
    %join;
    %pushi/str "R-Type SLT";
    %store/str v0x600002528630_0;
    %pushi/vec4 51, 0, 7;
    %store/vec4 v0x6000025286c0_0, 0, 7;
    %pushi/vec4 2, 0, 3;
    %store/vec4 v0x600002528510_0, 0, 3;
    %pushi/vec4 0, 0, 7;
    %store/vec4 v0x6000025285a0_0, 0, 7;
    %pushi/vec4 1, 0, 1;
    %store/vec4 v0x600002528360_0, 0, 1;
    %pushi/vec4 8, 0, 4;
    %store/vec4 v0x6000025281b0_0, 0, 4;
    %pushi/vec4 0, 0, 1;
    %store/vec4 v0x6000025283f0_0, 0, 1;
    %pushi/vec4 0, 0, 2;
    %store/vec4 v0x600002528480_0, 0, 2;
    %pushi/vec4 0, 0, 1;
    %store/vec4 v0x600002528240_0, 0, 1;
    %pushi/vec4 0, 0, 1;
    %store/vec4 v0x6000025282d0_0, 0, 1;
    %fork TD_control_tb.check_ctrl, S_0x7fa291905a70;
    %join;
    %pushi/str "R-Type SLTU";
    %store/str v0x600002528630_0;
    %pushi/vec4 51, 0, 7;
    %store/vec4 v0x6000025286c0_0, 0, 7;
    %pushi/vec4 3, 0, 3;
    %store/vec4 v0x600002528510_0, 0, 3;
    %pushi/vec4 0, 0, 7;
    %store/vec4 v0x6000025285a0_0, 0, 7;
    %pushi/vec4 1, 0, 1;
    %store/vec4 v0x600002528360_0, 0, 1;
    %pushi/vec4 9, 0, 4;
    %store/vec4 v0x6000025281b0_0, 0, 4;
    %pushi/vec4 0, 0, 1;
    %store/vec4 v0x6000025283f0_0, 0, 1;
    %pushi/vec4 0, 0, 2;
    %store/vec4 v0x600002528480_0, 0, 2;
    %pushi/vec4 0, 0, 1;
    %store/vec4 v0x600002528240_0, 0, 1;
    %pushi/vec4 0, 0, 1;
    %store/vec4 v0x6000025282d0_0, 0, 1;
    %fork TD_control_tb.check_ctrl, S_0x7fa291905a70;
    %join;
    %pushi/str "R-Type XOR";
    %store/str v0x600002528630_0;
    %pushi/vec4 51, 0, 7;
    %store/vec4 v0x6000025286c0_0, 0, 7;
    %pushi/vec4 4, 0, 3;
    %store/vec4 v0x600002528510_0, 0, 3;
    %pushi/vec4 0, 0, 7;
    %store/vec4 v0x6000025285a0_0, 0, 7;
    %pushi/vec4 1, 0, 1;
    %store/vec4 v0x600002528360_0, 0, 1;
    %pushi/vec4 4, 0, 4;
    %store/vec4 v0x6000025281b0_0, 0, 4;
    %pushi/vec4 0, 0, 1;
    %store/vec4 v0x6000025283f0_0, 0, 1;
    %pushi/vec4 0, 0, 2;
    %store/vec4 v0x600002528480_0, 0, 2;
    %pushi/vec4 0, 0, 1;
    %store/vec4 v0x600002528240_0, 0, 1;
    %pushi/vec4 0, 0, 1;
    %store/vec4 v0x6000025282d0_0, 0, 1;
    %fork TD_control_tb.check_ctrl, S_0x7fa291905a70;
    %join;
    %pushi/str "R-Type SLL";
    %store/str v0x600002528630_0;
    %pushi/vec4 51, 0, 7;
    %store/vec4 v0x6000025286c0_0, 0, 7;
    %pushi/vec4 1, 0, 3;
    %store/vec4 v0x600002528510_0, 0, 3;
    %pushi/vec4 0, 0, 7;
    %store/vec4 v0x6000025285a0_0, 0, 7;
    %pushi/vec4 1, 0, 1;
    %store/vec4 v0x600002528360_0, 0, 1;
    %pushi/vec4 5, 0, 4;
    %store/vec4 v0x6000025281b0_0, 0, 4;
    %pushi/vec4 0, 0, 1;
    %store/vec4 v0x6000025283f0_0, 0, 1;
    %pushi/vec4 0, 0, 2;
    %store/vec4 v0x600002528480_0, 0, 2;
    %pushi/vec4 0, 0, 1;
    %store/vec4 v0x600002528240_0, 0, 1;
    %pushi/vec4 0, 0, 1;
    %store/vec4 v0x6000025282d0_0, 0, 1;
    %fork TD_control_tb.check_ctrl, S_0x7fa291905a70;
    %join;
    %pushi/str "R-Type OR";
    %store/str v0x600002528630_0;
    %pushi/vec4 51, 0, 7;
    %store/vec4 v0x6000025286c0_0, 0, 7;
    %pushi/vec4 6, 0, 3;
    %store/vec4 v0x600002528510_0, 0, 3;
    %pushi/vec4 0, 0, 7;
    %store/vec4 v0x6000025285a0_0, 0, 7;
    %pushi/vec4 1, 0, 1;
    %store/vec4 v0x600002528360_0, 0, 1;
    %pushi/vec4 3, 0, 4;
    %store/vec4 v0x6000025281b0_0, 0, 4;
    %pushi/vec4 0, 0, 1;
    %store/vec4 v0x6000025283f0_0, 0, 1;
    %pushi/vec4 0, 0, 2;
    %store/vec4 v0x600002528480_0, 0, 2;
    %pushi/vec4 0, 0, 1;
    %store/vec4 v0x600002528240_0, 0, 1;
    %pushi/vec4 0, 0, 1;
    %store/vec4 v0x6000025282d0_0, 0, 1;
    %fork TD_control_tb.check_ctrl, S_0x7fa291905a70;
    %join;
    %pushi/str "R-Type AND";
    %store/str v0x600002528630_0;
    %pushi/vec4 51, 0, 7;
    %store/vec4 v0x6000025286c0_0, 0, 7;
    %pushi/vec4 7, 0, 3;
    %store/vec4 v0x600002528510_0, 0, 3;
    %pushi/vec4 0, 0, 7;
    %store/vec4 v0x6000025285a0_0, 0, 7;
    %pushi/vec4 1, 0, 1;
    %store/vec4 v0x600002528360_0, 0, 1;
    %pushi/vec4 2, 0, 4;
    %store/vec4 v0x6000025281b0_0, 0, 4;
    %pushi/vec4 0, 0, 1;
    %store/vec4 v0x6000025283f0_0, 0, 1;
    %pushi/vec4 0, 0, 2;
    %store/vec4 v0x600002528480_0, 0, 2;
    %pushi/vec4 0, 0, 1;
    %store/vec4 v0x600002528240_0, 0, 1;
    %pushi/vec4 0, 0, 1;
    %store/vec4 v0x6000025282d0_0, 0, 1;
    %fork TD_control_tb.check_ctrl, S_0x7fa291905a70;
    %join;
    %pushi/str "I-Type ADDI";
    %store/str v0x600002528630_0;
    %pushi/vec4 19, 0, 7;
    %store/vec4 v0x6000025286c0_0, 0, 7;
    %pushi/vec4 0, 0, 3;
    %store/vec4 v0x600002528510_0, 0, 3;
    %pushi/vec4 0, 0, 7;
    %store/vec4 v0x6000025285a0_0, 0, 7;
    %pushi/vec4 1, 0, 1;
    %store/vec4 v0x600002528360_0, 0, 1;
    %pushi/vec4 0, 0, 4;
    %store/vec4 v0x6000025281b0_0, 0, 4;
    %pushi/vec4 1, 0, 1;
    %store/vec4 v0x6000025283f0_0, 0, 1;
    %pushi/vec4 0, 0, 2;
    %store/vec4 v0x600002528480_0, 0, 2;
    %pushi/vec4 0, 0, 1;
    %store/vec4 v0x600002528240_0, 0, 1;
    %pushi/vec4 0, 0, 1;
    %store/vec4 v0x6000025282d0_0, 0, 1;
    %fork TD_control_tb.check_ctrl, S_0x7fa291905a70;
    %join;
    %pushi/str "I-Type XORI";
    %store/str v0x600002528630_0;
    %pushi/vec4 19, 0, 7;
    %store/vec4 v0x6000025286c0_0, 0, 7;
    %pushi/vec4 4, 0, 3;
    %store/vec4 v0x600002528510_0, 0, 3;
    %pushi/vec4 0, 0, 7;
    %store/vec4 v0x6000025285a0_0, 0, 7;
    %pushi/vec4 1, 0, 1;
    %store/vec4 v0x600002528360_0, 0, 1;
    %pushi/vec4 4, 0, 4;
    %store/vec4 v0x6000025281b0_0, 0, 4;
    %pushi/vec4 1, 0, 1;
    %store/vec4 v0x6000025283f0_0, 0, 1;
    %pushi/vec4 0, 0, 2;
    %store/vec4 v0x600002528480_0, 0, 2;
    %pushi/vec4 0, 0, 1;
    %store/vec4 v0x600002528240_0, 0, 1;
    %pushi/vec4 0, 0, 1;
    %store/vec4 v0x6000025282d0_0, 0, 1;
    %fork TD_control_tb.check_ctrl, S_0x7fa291905a70;
    %join;
    %pushi/str "I-Type ORI";
    %store/str v0x600002528630_0;
    %pushi/vec4 19, 0, 7;
    %store/vec4 v0x6000025286c0_0, 0, 7;
    %pushi/vec4 6, 0, 3;
    %store/vec4 v0x600002528510_0, 0, 3;
    %pushi/vec4 0, 0, 7;
    %store/vec4 v0x6000025285a0_0, 0, 7;
    %pushi/vec4 1, 0, 1;
    %store/vec4 v0x600002528360_0, 0, 1;
    %pushi/vec4 3, 0, 4;
    %store/vec4 v0x6000025281b0_0, 0, 4;
    %pushi/vec4 1, 0, 1;
    %store/vec4 v0x6000025283f0_0, 0, 1;
    %pushi/vec4 0, 0, 2;
    %store/vec4 v0x600002528480_0, 0, 2;
    %pushi/vec4 0, 0, 1;
    %store/vec4 v0x600002528240_0, 0, 1;
    %pushi/vec4 0, 0, 1;
    %store/vec4 v0x6000025282d0_0, 0, 1;
    %fork TD_control_tb.check_ctrl, S_0x7fa291905a70;
    %join;
    %pushi/str "I-Type ANDI";
    %store/str v0x600002528630_0;
    %pushi/vec4 19, 0, 7;
    %store/vec4 v0x6000025286c0_0, 0, 7;
    %pushi/vec4 7, 0, 3;
    %store/vec4 v0x600002528510_0, 0, 3;
    %pushi/vec4 0, 0, 7;
    %store/vec4 v0x6000025285a0_0, 0, 7;
    %pushi/vec4 1, 0, 1;
    %store/vec4 v0x600002528360_0, 0, 1;
    %pushi/vec4 2, 0, 4;
    %store/vec4 v0x6000025281b0_0, 0, 4;
    %pushi/vec4 1, 0, 1;
    %store/vec4 v0x6000025283f0_0, 0, 1;
    %pushi/vec4 0, 0, 2;
    %store/vec4 v0x600002528480_0, 0, 2;
    %pushi/vec4 0, 0, 1;
    %store/vec4 v0x600002528240_0, 0, 1;
    %pushi/vec4 0, 0, 1;
    %store/vec4 v0x6000025282d0_0, 0, 1;
    %fork TD_control_tb.check_ctrl, S_0x7fa291905a70;
    %join;
    %pushi/str "I-Type SLLI";
    %store/str v0x600002528630_0;
    %pushi/vec4 19, 0, 7;
    %store/vec4 v0x6000025286c0_0, 0, 7;
    %pushi/vec4 1, 0, 3;
    %store/vec4 v0x600002528510_0, 0, 3;
    %pushi/vec4 0, 0, 7;
    %store/vec4 v0x6000025285a0_0, 0, 7;
    %pushi/vec4 1, 0, 1;
    %store/vec4 v0x600002528360_0, 0, 1;
    %pushi/vec4 5, 0, 4;
    %store/vec4 v0x6000025281b0_0, 0, 4;
    %pushi/vec4 1, 0, 1;
    %store/vec4 v0x6000025283f0_0, 0, 1;
    %pushi/vec4 0, 0, 2;
    %store/vec4 v0x600002528480_0, 0, 2;
    %pushi/vec4 0, 0, 1;
    %store/vec4 v0x600002528240_0, 0, 1;
    %pushi/vec4 0, 0, 1;
    %store/vec4 v0x6000025282d0_0, 0, 1;
    %fork TD_control_tb.check_ctrl, S_0x7fa291905a70;
    %join;
    %pushi/str "I-Type SRLI";
    %store/str v0x600002528630_0;
    %pushi/vec4 19, 0, 7;
    %store/vec4 v0x6000025286c0_0, 0, 7;
    %pushi/vec4 5, 0, 3;
    %store/vec4 v0x600002528510_0, 0, 3;
    %pushi/vec4 0, 0, 7;
    %store/vec4 v0x6000025285a0_0, 0, 7;
    %pushi/vec4 1, 0, 1;
    %store/vec4 v0x600002528360_0, 0, 1;
    %pushi/vec4 6, 0, 4;
    %store/vec4 v0x6000025281b0_0, 0, 4;
    %pushi/vec4 1, 0, 1;
    %store/vec4 v0x6000025283f0_0, 0, 1;
    %pushi/vec4 0, 0, 2;
    %store/vec4 v0x600002528480_0, 0, 2;
    %pushi/vec4 0, 0, 1;
    %store/vec4 v0x600002528240_0, 0, 1;
    %pushi/vec4 0, 0, 1;
    %store/vec4 v0x6000025282d0_0, 0, 1;
    %fork TD_control_tb.check_ctrl, S_0x7fa291905a70;
    %join;
    %pushi/str "I-Type SRAI";
    %store/str v0x600002528630_0;
    %pushi/vec4 19, 0, 7;
    %store/vec4 v0x6000025286c0_0, 0, 7;
    %pushi/vec4 5, 0, 3;
    %store/vec4 v0x600002528510_0, 0, 3;
    %pushi/vec4 32, 0, 7;
    %store/vec4 v0x6000025285a0_0, 0, 7;
    %pushi/vec4 1, 0, 1;
    %store/vec4 v0x600002528360_0, 0, 1;
    %pushi/vec4 7, 0, 4;
    %store/vec4 v0x6000025281b0_0, 0, 4;
    %pushi/vec4 1, 0, 1;
    %store/vec4 v0x6000025283f0_0, 0, 1;
    %pushi/vec4 0, 0, 2;
    %store/vec4 v0x600002528480_0, 0, 2;
    %pushi/vec4 0, 0, 1;
    %store/vec4 v0x600002528240_0, 0, 1;
    %pushi/vec4 0, 0, 1;
    %store/vec4 v0x6000025282d0_0, 0, 1;
    %fork TD_control_tb.check_ctrl, S_0x7fa291905a70;
    %join;
    %pushi/str "I-Type SLTI";
    %store/str v0x600002528630_0;
    %pushi/vec4 19, 0, 7;
    %store/vec4 v0x6000025286c0_0, 0, 7;
    %pushi/vec4 2, 0, 3;
    %store/vec4 v0x600002528510_0, 0, 3;
    %pushi/vec4 0, 0, 7;
    %store/vec4 v0x6000025285a0_0, 0, 7;
    %pushi/vec4 1, 0, 1;
    %store/vec4 v0x600002528360_0, 0, 1;
    %pushi/vec4 8, 0, 4;
    %store/vec4 v0x6000025281b0_0, 0, 4;
    %pushi/vec4 1, 0, 1;
    %store/vec4 v0x6000025283f0_0, 0, 1;
    %pushi/vec4 0, 0, 2;
    %store/vec4 v0x600002528480_0, 0, 2;
    %pushi/vec4 0, 0, 1;
    %store/vec4 v0x600002528240_0, 0, 1;
    %pushi/vec4 0, 0, 1;
    %store/vec4 v0x6000025282d0_0, 0, 1;
    %fork TD_control_tb.check_ctrl, S_0x7fa291905a70;
    %join;
    %pushi/str "I-Type SLTIU";
    %store/str v0x600002528630_0;
    %pushi/vec4 19, 0, 7;
    %store/vec4 v0x6000025286c0_0, 0, 7;
    %pushi/vec4 3, 0, 3;
    %store/vec4 v0x600002528510_0, 0, 3;
    %pushi/vec4 0, 0, 7;
    %store/vec4 v0x6000025285a0_0, 0, 7;
    %pushi/vec4 1, 0, 1;
    %store/vec4 v0x600002528360_0, 0, 1;
    %pushi/vec4 9, 0, 4;
    %store/vec4 v0x6000025281b0_0, 0, 4;
    %pushi/vec4 1, 0, 1;
    %store/vec4 v0x6000025283f0_0, 0, 1;
    %pushi/vec4 0, 0, 2;
    %store/vec4 v0x600002528480_0, 0, 2;
    %pushi/vec4 0, 0, 1;
    %store/vec4 v0x600002528240_0, 0, 1;
    %pushi/vec4 0, 0, 1;
    %store/vec4 v0x6000025282d0_0, 0, 1;
    %fork TD_control_tb.check_ctrl, S_0x7fa291905a70;
    %join;
    %pushi/str "I-Type LB";
    %store/str v0x600002528630_0;
    %pushi/vec4 3, 0, 7;
    %store/vec4 v0x6000025286c0_0, 0, 7;
    %pushi/vec4 0, 0, 3;
    %store/vec4 v0x600002528510_0, 0, 3;
    %pushi/vec4 0, 0, 7;
    %store/vec4 v0x6000025285a0_0, 0, 7;
    %pushi/vec4 1, 0, 1;
    %store/vec4 v0x600002528360_0, 0, 1;
    %pushi/vec4 0, 0, 4;
    %store/vec4 v0x6000025281b0_0, 0, 4;
    %pushi/vec4 1, 0, 1;
    %store/vec4 v0x6000025283f0_0, 0, 1;
    %pushi/vec4 1, 0, 2;
    %store/vec4 v0x600002528480_0, 0, 2;
    %pushi/vec4 1, 0, 1;
    %store/vec4 v0x600002528240_0, 0, 1;
    %pushi/vec4 0, 0, 1;
    %store/vec4 v0x6000025282d0_0, 0, 1;
    %fork TD_control_tb.check_ctrl, S_0x7fa291905a70;
    %join;
    %pushi/str "I-Type LH";
    %store/str v0x600002528630_0;
    %pushi/vec4 3, 0, 7;
    %store/vec4 v0x6000025286c0_0, 0, 7;
    %pushi/vec4 1, 0, 3;
    %store/vec4 v0x600002528510_0, 0, 3;
    %pushi/vec4 0, 0, 7;
    %store/vec4 v0x6000025285a0_0, 0, 7;
    %pushi/vec4 1, 0, 1;
    %store/vec4 v0x600002528360_0, 0, 1;
    %pushi/vec4 0, 0, 4;
    %store/vec4 v0x6000025281b0_0, 0, 4;
    %pushi/vec4 1, 0, 1;
    %store/vec4 v0x6000025283f0_0, 0, 1;
    %pushi/vec4 1, 0, 2;
    %store/vec4 v0x600002528480_0, 0, 2;
    %pushi/vec4 1, 0, 1;
    %store/vec4 v0x600002528240_0, 0, 1;
    %pushi/vec4 0, 0, 1;
    %store/vec4 v0x6000025282d0_0, 0, 1;
    %fork TD_control_tb.check_ctrl, S_0x7fa291905a70;
    %join;
    %pushi/str "I-Type LW";
    %store/str v0x600002528630_0;
    %pushi/vec4 3, 0, 7;
    %store/vec4 v0x6000025286c0_0, 0, 7;
    %pushi/vec4 2, 0, 3;
    %store/vec4 v0x600002528510_0, 0, 3;
    %pushi/vec4 0, 0, 7;
    %store/vec4 v0x6000025285a0_0, 0, 7;
    %pushi/vec4 1, 0, 1;
    %store/vec4 v0x600002528360_0, 0, 1;
    %pushi/vec4 0, 0, 4;
    %store/vec4 v0x6000025281b0_0, 0, 4;
    %pushi/vec4 1, 0, 1;
    %store/vec4 v0x6000025283f0_0, 0, 1;
    %pushi/vec4 1, 0, 2;
    %store/vec4 v0x600002528480_0, 0, 2;
    %pushi/vec4 1, 0, 1;
    %store/vec4 v0x600002528240_0, 0, 1;
    %pushi/vec4 0, 0, 1;
    %store/vec4 v0x6000025282d0_0, 0, 1;
    %fork TD_control_tb.check_ctrl, S_0x7fa291905a70;
    %join;
    %pushi/str "I-Type LBU";
    %store/str v0x600002528630_0;
    %pushi/vec4 3, 0, 7;
    %store/vec4 v0x6000025286c0_0, 0, 7;
    %pushi/vec4 4, 0, 3;
    %store/vec4 v0x600002528510_0, 0, 3;
    %pushi/vec4 0, 0, 7;
    %store/vec4 v0x6000025285a0_0, 0, 7;
    %pushi/vec4 1, 0, 1;
    %store/vec4 v0x600002528360_0, 0, 1;
    %pushi/vec4 0, 0, 4;
    %store/vec4 v0x6000025281b0_0, 0, 4;
    %pushi/vec4 1, 0, 1;
    %store/vec4 v0x6000025283f0_0, 0, 1;
    %pushi/vec4 1, 0, 2;
    %store/vec4 v0x600002528480_0, 0, 2;
    %pushi/vec4 1, 0, 1;
    %store/vec4 v0x600002528240_0, 0, 1;
    %pushi/vec4 0, 0, 1;
    %store/vec4 v0x6000025282d0_0, 0, 1;
    %fork TD_control_tb.check_ctrl, S_0x7fa291905a70;
    %join;
    %pushi/str "I-Type LHU";
    %store/str v0x600002528630_0;
    %pushi/vec4 3, 0, 7;
    %store/vec4 v0x6000025286c0_0, 0, 7;
    %pushi/vec4 5, 0, 3;
    %store/vec4 v0x600002528510_0, 0, 3;
    %pushi/vec4 0, 0, 7;
    %store/vec4 v0x6000025285a0_0, 0, 7;
    %pushi/vec4 1, 0, 1;
    %store/vec4 v0x600002528360_0, 0, 1;
    %pushi/vec4 0, 0, 4;
    %store/vec4 v0x6000025281b0_0, 0, 4;
    %pushi/vec4 1, 0, 1;
    %store/vec4 v0x6000025283f0_0, 0, 1;
    %pushi/vec4 1, 0, 2;
    %store/vec4 v0x600002528480_0, 0, 2;
    %pushi/vec4 1, 0, 1;
    %store/vec4 v0x600002528240_0, 0, 1;
    %pushi/vec4 0, 0, 1;
    %store/vec4 v0x6000025282d0_0, 0, 1;
    %fork TD_control_tb.check_ctrl, S_0x7fa291905a70;
    %join;
    %pushi/str "S-Type SB";
    %store/str v0x600002528630_0;
    %pushi/vec4 35, 0, 7;
    %store/vec4 v0x6000025286c0_0, 0, 7;
    %pushi/vec4 0, 0, 3;
    %store/vec4 v0x600002528510_0, 0, 3;
    %pushi/vec4 0, 0, 7;
    %store/vec4 v0x6000025285a0_0, 0, 7;
    %pushi/vec4 0, 0, 1;
    %store/vec4 v0x600002528360_0, 0, 1;
    %pushi/vec4 0, 0, 4;
    %store/vec4 v0x6000025281b0_0, 0, 4;
    %pushi/vec4 1, 0, 1;
    %store/vec4 v0x6000025283f0_0, 0, 1;
    %pushi/vec4 0, 0, 2;
    %store/vec4 v0x600002528480_0, 0, 2;
    %pushi/vec4 0, 0, 1;
    %store/vec4 v0x600002528240_0, 0, 1;
    %pushi/vec4 1, 0, 1;
    %store/vec4 v0x6000025282d0_0, 0, 1;
    %fork TD_control_tb.check_ctrl, S_0x7fa291905a70;
    %join;
    %pushi/str "S-Type SH";
    %store/str v0x600002528630_0;
    %pushi/vec4 35, 0, 7;
    %store/vec4 v0x6000025286c0_0, 0, 7;
    %pushi/vec4 1, 0, 3;
    %store/vec4 v0x600002528510_0, 0, 3;
    %pushi/vec4 0, 0, 7;
    %store/vec4 v0x6000025285a0_0, 0, 7;
    %pushi/vec4 0, 0, 1;
    %store/vec4 v0x600002528360_0, 0, 1;
    %pushi/vec4 0, 0, 4;
    %store/vec4 v0x6000025281b0_0, 0, 4;
    %pushi/vec4 1, 0, 1;
    %store/vec4 v0x6000025283f0_0, 0, 1;
    %pushi/vec4 0, 0, 2;
    %store/vec4 v0x600002528480_0, 0, 2;
    %pushi/vec4 0, 0, 1;
    %store/vec4 v0x600002528240_0, 0, 1;
    %pushi/vec4 1, 0, 1;
    %store/vec4 v0x6000025282d0_0, 0, 1;
    %fork TD_control_tb.check_ctrl, S_0x7fa291905a70;
    %join;
    %pushi/str "S-Type SW";
    %store/str v0x600002528630_0;
    %pushi/vec4 35, 0, 7;
    %store/vec4 v0x6000025286c0_0, 0, 7;
    %pushi/vec4 2, 0, 3;
    %store/vec4 v0x600002528510_0, 0, 3;
    %pushi/vec4 0, 0, 7;
    %store/vec4 v0x6000025285a0_0, 0, 7;
    %pushi/vec4 0, 0, 1;
    %store/vec4 v0x600002528360_0, 0, 1;
    %pushi/vec4 0, 0, 4;
    %store/vec4 v0x6000025281b0_0, 0, 4;
    %pushi/vec4 1, 0, 1;
    %store/vec4 v0x6000025283f0_0, 0, 1;
    %pushi/vec4 0, 0, 2;
    %store/vec4 v0x600002528480_0, 0, 2;
    %pushi/vec4 0, 0, 1;
    %store/vec4 v0x600002528240_0, 0, 1;
    %pushi/vec4 1, 0, 1;
    %store/vec4 v0x6000025282d0_0, 0, 1;
    %fork TD_control_tb.check_ctrl, S_0x7fa291905a70;
    %join;
    %pushi/str "B-Type BEQ";
    %store/str v0x600002528630_0;
    %pushi/vec4 99, 0, 7;
    %store/vec4 v0x6000025286c0_0, 0, 7;
    %pushi/vec4 0, 0, 3;
    %store/vec4 v0x600002528510_0, 0, 3;
    %pushi/vec4 0, 0, 7;
    %store/vec4 v0x6000025285a0_0, 0, 7;
    %pushi/vec4 0, 0, 1;
    %store/vec4 v0x600002528360_0, 0, 1;
    %pushi/vec4 1, 0, 4;
    %store/vec4 v0x6000025281b0_0, 0, 4;
    %pushi/vec4 0, 0, 1;
    %store/vec4 v0x6000025283f0_0, 0, 1;
    %pushi/vec4 0, 0, 2;
    %store/vec4 v0x600002528480_0, 0, 2;
    %pushi/vec4 0, 0, 1;
    %store/vec4 v0x600002528240_0, 0, 1;
    %pushi/vec4 0, 0, 1;
    %store/vec4 v0x6000025282d0_0, 0, 1;
    %fork TD_control_tb.check_ctrl, S_0x7fa291905a70;
    %join;
    %pushi/str "B-Type BNE";
    %store/str v0x600002528630_0;
    %pushi/vec4 99, 0, 7;
    %store/vec4 v0x6000025286c0_0, 0, 7;
    %pushi/vec4 1, 0, 3;
    %store/vec4 v0x600002528510_0, 0, 3;
    %pushi/vec4 0, 0, 7;
    %store/vec4 v0x6000025285a0_0, 0, 7;
    %pushi/vec4 0, 0, 1;
    %store/vec4 v0x600002528360_0, 0, 1;
    %pushi/vec4 1, 0, 4;
    %store/vec4 v0x6000025281b0_0, 0, 4;
    %pushi/vec4 0, 0, 1;
    %store/vec4 v0x6000025283f0_0, 0, 1;
    %pushi/vec4 0, 0, 2;
    %store/vec4 v0x600002528480_0, 0, 2;
    %pushi/vec4 0, 0, 1;
    %store/vec4 v0x600002528240_0, 0, 1;
    %pushi/vec4 0, 0, 1;
    %store/vec4 v0x6000025282d0_0, 0, 1;
    %fork TD_control_tb.check_ctrl, S_0x7fa291905a70;
    %join;
    %pushi/str "B-Type BLT";
    %store/str v0x600002528630_0;
    %pushi/vec4 99, 0, 7;
    %store/vec4 v0x6000025286c0_0, 0, 7;
    %pushi/vec4 4, 0, 3;
    %store/vec4 v0x600002528510_0, 0, 3;
    %pushi/vec4 0, 0, 7;
    %store/vec4 v0x6000025285a0_0, 0, 7;
    %pushi/vec4 0, 0, 1;
    %store/vec4 v0x600002528360_0, 0, 1;
    %pushi/vec4 8, 0, 4;
    %store/vec4 v0x6000025281b0_0, 0, 4;
    %pushi/vec4 0, 0, 1;
    %store/vec4 v0x6000025283f0_0, 0, 1;
    %pushi/vec4 0, 0, 2;
    %store/vec4 v0x600002528480_0, 0, 2;
    %pushi/vec4 0, 0, 1;
    %store/vec4 v0x600002528240_0, 0, 1;
    %pushi/vec4 0, 0, 1;
    %store/vec4 v0x6000025282d0_0, 0, 1;
    %fork TD_control_tb.check_ctrl, S_0x7fa291905a70;
    %join;
    %pushi/str "B-Type BGE";
    %store/str v0x600002528630_0;
    %pushi/vec4 99, 0, 7;
    %store/vec4 v0x6000025286c0_0, 0, 7;
    %pushi/vec4 5, 0, 3;
    %store/vec4 v0x600002528510_0, 0, 3;
    %pushi/vec4 0, 0, 7;
    %store/vec4 v0x6000025285a0_0, 0, 7;
    %pushi/vec4 0, 0, 1;
    %store/vec4 v0x600002528360_0, 0, 1;
    %pushi/vec4 8, 0, 4;
    %store/vec4 v0x6000025281b0_0, 0, 4;
    %pushi/vec4 0, 0, 1;
    %store/vec4 v0x6000025283f0_0, 0, 1;
    %pushi/vec4 0, 0, 2;
    %store/vec4 v0x600002528480_0, 0, 2;
    %pushi/vec4 0, 0, 1;
    %store/vec4 v0x600002528240_0, 0, 1;
    %pushi/vec4 0, 0, 1;
    %store/vec4 v0x6000025282d0_0, 0, 1;
    %fork TD_control_tb.check_ctrl, S_0x7fa291905a70;
    %join;
    %pushi/str "B-Type BLTU";
    %store/str v0x600002528630_0;
    %pushi/vec4 99, 0, 7;
    %store/vec4 v0x6000025286c0_0, 0, 7;
    %pushi/vec4 6, 0, 3;
    %store/vec4 v0x600002528510_0, 0, 3;
    %pushi/vec4 0, 0, 7;
    %store/vec4 v0x6000025285a0_0, 0, 7;
    %pushi/vec4 0, 0, 1;
    %store/vec4 v0x600002528360_0, 0, 1;
    %pushi/vec4 9, 0, 4;
    %store/vec4 v0x6000025281b0_0, 0, 4;
    %pushi/vec4 0, 0, 1;
    %store/vec4 v0x6000025283f0_0, 0, 1;
    %pushi/vec4 0, 0, 2;
    %store/vec4 v0x600002528480_0, 0, 2;
    %pushi/vec4 0, 0, 1;
    %store/vec4 v0x600002528240_0, 0, 1;
    %pushi/vec4 0, 0, 1;
    %store/vec4 v0x6000025282d0_0, 0, 1;
    %fork TD_control_tb.check_ctrl, S_0x7fa291905a70;
    %join;
    %pushi/str "B-Type BGEU";
    %store/str v0x600002528630_0;
    %pushi/vec4 99, 0, 7;
    %store/vec4 v0x6000025286c0_0, 0, 7;
    %pushi/vec4 7, 0, 3;
    %store/vec4 v0x600002528510_0, 0, 3;
    %pushi/vec4 0, 0, 7;
    %store/vec4 v0x6000025285a0_0, 0, 7;
    %pushi/vec4 0, 0, 1;
    %store/vec4 v0x600002528360_0, 0, 1;
    %pushi/vec4 9, 0, 4;
    %store/vec4 v0x6000025281b0_0, 0, 4;
    %pushi/vec4 0, 0, 1;
    %store/vec4 v0x6000025283f0_0, 0, 1;
    %pushi/vec4 0, 0, 2;
    %store/vec4 v0x600002528480_0, 0, 2;
    %pushi/vec4 0, 0, 1;
    %store/vec4 v0x600002528240_0, 0, 1;
    %pushi/vec4 0, 0, 1;
    %store/vec4 v0x6000025282d0_0, 0, 1;
    %fork TD_control_tb.check_ctrl, S_0x7fa291905a70;
    %join;
    %pushi/str "J-Type JAL";
    %store/str v0x600002528630_0;
    %pushi/vec4 111, 0, 7;
    %store/vec4 v0x6000025286c0_0, 0, 7;
    %pushi/vec4 0, 0, 3;
    %store/vec4 v0x600002528510_0, 0, 3;
    %pushi/vec4 0, 0, 7;
    %store/vec4 v0x6000025285a0_0, 0, 7;
    %pushi/vec4 1, 0, 1;
    %store/vec4 v0x600002528360_0, 0, 1;
    %pushi/vec4 0, 0, 4;
    %store/vec4 v0x6000025281b0_0, 0, 4;
    %pushi/vec4 0, 0, 1;
    %store/vec4 v0x6000025283f0_0, 0, 1;
    %pushi/vec4 2, 0, 2;
    %store/vec4 v0x600002528480_0, 0, 2;
    %pushi/vec4 0, 0, 1;
    %store/vec4 v0x600002528240_0, 0, 1;
    %pushi/vec4 0, 0, 1;
    %store/vec4 v0x6000025282d0_0, 0, 1;
    %fork TD_control_tb.check_ctrl, S_0x7fa291905a70;
    %join;
    %pushi/str "I-Type JALR";
    %store/str v0x600002528630_0;
    %pushi/vec4 103, 0, 7;
    %store/vec4 v0x6000025286c0_0, 0, 7;
    %pushi/vec4 0, 0, 3;
    %store/vec4 v0x600002528510_0, 0, 3;
    %pushi/vec4 0, 0, 7;
    %store/vec4 v0x6000025285a0_0, 0, 7;
    %pushi/vec4 1, 0, 1;
    %store/vec4 v0x600002528360_0, 0, 1;
    %pushi/vec4 0, 0, 4;
    %store/vec4 v0x6000025281b0_0, 0, 4;
    %pushi/vec4 1, 0, 1;
    %store/vec4 v0x6000025283f0_0, 0, 1;
    %pushi/vec4 2, 0, 2;
    %store/vec4 v0x600002528480_0, 0, 2;
    %pushi/vec4 0, 0, 1;
    %store/vec4 v0x600002528240_0, 0, 1;
    %pushi/vec4 0, 0, 1;
    %store/vec4 v0x6000025282d0_0, 0, 1;
    %fork TD_control_tb.check_ctrl, S_0x7fa291905a70;
    %join;
    %pushi/str "U-Type LUI";
    %store/str v0x600002528630_0;
    %pushi/vec4 55, 0, 7;
    %store/vec4 v0x6000025286c0_0, 0, 7;
    %pushi/vec4 0, 0, 3;
    %store/vec4 v0x600002528510_0, 0, 3;
    %pushi/vec4 0, 0, 7;
    %store/vec4 v0x6000025285a0_0, 0, 7;
    %pushi/vec4 1, 0, 1;
    %store/vec4 v0x600002528360_0, 0, 1;
    %pushi/vec4 10, 0, 4;
    %store/vec4 v0x6000025281b0_0, 0, 4;
    %pushi/vec4 1, 0, 1;
    %store/vec4 v0x6000025283f0_0, 0, 1;
    %pushi/vec4 0, 0, 2;
    %store/vec4 v0x600002528480_0, 0, 2;
    %pushi/vec4 0, 0, 1;
    %store/vec4 v0x600002528240_0, 0, 1;
    %pushi/vec4 0, 0, 1;
    %store/vec4 v0x6000025282d0_0, 0, 1;
    %fork TD_control_tb.check_ctrl, S_0x7fa291905a70;
    %join;
    %pushi/str "U-Type AUIPC";
    %store/str v0x600002528630_0;
    %pushi/vec4 23, 0, 7;
    %store/vec4 v0x6000025286c0_0, 0, 7;
    %pushi/vec4 0, 0, 3;
    %store/vec4 v0x600002528510_0, 0, 3;
    %pushi/vec4 0, 0, 7;
    %store/vec4 v0x6000025285a0_0, 0, 7;
    %pushi/vec4 1, 0, 1;
    %store/vec4 v0x600002528360_0, 0, 1;
    %pushi/vec4 11, 0, 4;
    %store/vec4 v0x6000025281b0_0, 0, 4;
    %pushi/vec4 1, 0, 1;
    %store/vec4 v0x6000025283f0_0, 0, 1;
    %pushi/vec4 0, 0, 2;
    %store/vec4 v0x600002528480_0, 0, 2;
    %pushi/vec4 0, 0, 1;
    %store/vec4 v0x600002528240_0, 0, 1;
    %pushi/vec4 0, 0, 1;
    %store/vec4 v0x6000025282d0_0, 0, 1;
    %fork TD_control_tb.check_ctrl, S_0x7fa291905a70;
    %join;
    %pushi/str "Default/Unknown";
    %store/str v0x600002528630_0;
    %pushi/vec4 127, 0, 7;
    %store/vec4 v0x6000025286c0_0, 0, 7;
    %pushi/vec4 7, 0, 3;
    %store/vec4 v0x600002528510_0, 0, 3;
    %pushi/vec4 127, 0, 7;
    %store/vec4 v0x6000025285a0_0, 0, 7;
    %pushi/vec4 0, 0, 1;
    %store/vec4 v0x600002528360_0, 0, 1;
    %pushi/vec4 0, 0, 4;
    %store/vec4 v0x6000025281b0_0, 0, 4;
    %pushi/vec4 0, 0, 1;
    %store/vec4 v0x6000025283f0_0, 0, 1;
    %pushi/vec4 0, 0, 2;
    %store/vec4 v0x600002528480_0, 0, 2;
    %pushi/vec4 0, 0, 1;
    %store/vec4 v0x600002528240_0, 0, 1;
    %pushi/vec4 0, 0, 1;
    %store/vec4 v0x6000025282d0_0, 0, 1;
    %fork TD_control_tb.check_ctrl, S_0x7fa291905a70;
    %join;
    %vpi_call/w 4 184 "$display", "--------------------------------------------------------------------------------------------------" {0 0 0};
    %vpi_call/w 4 185 "$finish" {0 0 0};
    %end;
    .thread T_2;
# The file index is used to find the file name in the following table.
:file_names 6;
    "N/A";
    "<interactive>";
    "-";
    "constants.svh";
    "control_tb.sv";
    "control.sv";
